  pch.cpp
  Opencv_01.cpp
c:\users\abel\source\repos\opencv_01\opencv_01\opencv_01.cpp(5): error C2871: 'cv': a namespace with this name does not exist
c:\users\abel\source\repos\opencv_01\opencv_01\opencv_01.cpp(9): warning C4326: return type of 'main' should be 'int' instead of 'void'
c:\users\abel\source\repos\opencv_01\opencv_01\opencv_01.cpp(10): error C2065: 'Mat': undeclared identifier
c:\users\abel\source\repos\opencv_01\opencv_01\opencv_01.cpp(10): error C2146: syntax error: missing ';' before identifier 'src'
c:\users\abel\source\repos\opencv_01\opencv_01\opencv_01.cpp(10): error C2065: 'src': undeclared identifier
c:\users\abel\source\repos\opencv_01\opencv_01\opencv_01.cpp(10): error C2065: 'CV_8UC1': undeclared identifier
c:\users\abel\source\repos\opencv_01\opencv_01\opencv_01.cpp(10): error C3861: 'imread': identifier not found
c:\users\abel\source\repos\opencv_01\opencv_01\opencv_01.cpp(11): error C2065: 'Mat': undeclared identifier
c:\users\abel\source\repos\opencv_01\opencv_01\opencv_01.cpp(11): error C2146: syntax error: missing ';' before identifier 'dst'
c:\users\abel\source\repos\opencv_01\opencv_01\opencv_01.cpp(11): error C2065: 'dst': undeclared identifier
c:\users\abel\source\repos\opencv_01\opencv_01\opencv_01.cpp(11): error C2653: 'Mat': is not a class or namespace name
c:\users\abel\source\repos\opencv_01\opencv_01\opencv_01.cpp(11): error C2065: 'src': undeclared identifier
c:\users\abel\source\repos\opencv_01\opencv_01\opencv_01.cpp(11): error C2065: 'CV_8UC1': undeclared identifier
c:\users\abel\source\repos\opencv_01\opencv_01\opencv_01.cpp(11): error C3861: 'zeros': identifier not found
c:\users\abel\source\repos\opencv_01\opencv_01\opencv_01.cpp(13): error C2065: 'src': undeclared identifier
c:\users\abel\source\repos\opencv_01\opencv_01\opencv_01.cpp(13): error C2065: 'dst': undeclared identifier
c:\users\abel\source\repos\opencv_01\opencv_01\opencv_01.cpp(13): error C3861: 'Size': identifier not found
c:\users\abel\source\repos\opencv_01\opencv_01\opencv_01.cpp(13): error C3861: 'GaussianBlur': identifier not found
c:\users\abel\source\repos\opencv_01\opencv_01\opencv_01.cpp(15): error C2065: 'src': undeclared identifier
c:\users\abel\source\repos\opencv_01\opencv_01\opencv_01.cpp(15): error C3861: 'imshow': identifier not found
c:\users\abel\source\repos\opencv_01\opencv_01\opencv_01.cpp(16): error C2065: 'dst': undeclared identifier
c:\users\abel\source\repos\opencv_01\opencv_01\opencv_01.cpp(16): error C3861: 'imshow': identifier not found
c:\users\abel\source\repos\opencv_01\opencv_01\opencv_01.cpp(17): error C3861: 'waitKey': identifier not found
c:\users\abel\source\repos\opencv_01\opencv_01\opencv_01.cpp(18): error C2065: 'src': undeclared identifier
c:\users\abel\source\repos\opencv_01\opencv_01\opencv_01.cpp(19): error C2065: 'dst': undeclared identifier
